#
# There is insufficient memory for the Java Runtime Environment to continue.
# Native memory allocation (malloc) failed to allocate 1048576 bytes for AllocateHeap
# Possible reasons:
#   The system is out of physical RAM or swap space
#   The process is running with CompressedOops enabled, and the Java Heap may be blocking the growth of the native heap
# Possible solutions:
#   Reduce memory load on the system
#   Increase physical memory or swap space
#   Check if swap backing store is full
#   Decrease Java heap size (-Xmx/-Xms)
#   Decrease number of Java threads
#   Decrease Java thread stack sizes (-Xss)
#   Set larger code cache with -XX:ReservedCodeCacheSize=
#   JVM is running with Unscaled Compressed Oops mode in which the Java heap is
#     placed in the first 4GB address space. The Java Heap base address is the
#     maximum limit for the native heap growth. Please use -XX:HeapBaseMinAddress
#     to set the Java Heap base and to place the Java Heap above 4GB virtual address.
# This output file may be truncated or incomplete.
#
#  Out of Memory Error (allocation.cpp:44), pid=9152, tid=13800
#
# JRE version:  (17.0.12+8) (build )
# Java VM: Java HotSpot(TM) 64-Bit Server VM (17.0.12+8-LTS-286, mixed mode, sharing, tiered, compressed oops, compressed class ptrs, g1 gc, windows-amd64)
# No core dump will be written. Minidumps are not enabled by default on client versions of Windows
#

---------------  S U M M A R Y ------------

Command Line: -Xmx64m -Xms64m -Dorg.gradle.appname=gradlew E:\Tec\1forusa\android\\gradle\wrapper\gradle-wrapper.jar app:installDebug -PreactNativeDevServerPort=8081

Host: AMD Ryzen 5 5500U with Radeon Graphics         , 12 cores, 7G,  Windows 11 , 64 bit Build 22621 (10.0.22621.5262)
Time: Thu Jun 26 20:07:19 2025 India Standard Time elapsed time: 0.016109 seconds (0d 0h 0m 0s)

---------------  T H R E A D  ---------------

Current thread (0x00000295a114b1c0):  JavaThread "Unknown thread" [_thread_in_vm, id=13800, stack(0x000000e3a4e00000,0x000000e3a4f00000)]

Stack: [0x000000e3a4e00000,0x000000e3a4f00000]
Native frames: (J=compiled Java code, j=interpreted, Vv=VM code, C=native code)
V  [jvm.dll+0x67a04a]
V  [jvm.dll+0x7da4ed]
V  [jvm.dll+0x7dbe33]
V  [jvm.dll+0x7dc4a3]
V  [jvm.dll+0x24508f]
V  [jvm.dll+0xa5e2b]
V  [jvm.dll+0x2d4e37]
V  [jvm.dll+0x7ac9ec]
V  [jvm.dll+0x367591]
V  [jvm.dll+0x78b999]
V  [jvm.dll+0x3ec83f]
V  [jvm.dll+0x3ee471]
C  [jli.dll+0x5297]
C  [ucrtbase.dll+0x29333]
C  [KERNEL32.DLL+0x1259d]
C  [ntdll.dll+0x5af58]


---------------  P R O C E S S  ---------------

Threads class SMR info:
_java_thread_list=0x00007ffffa3c7a18, length=0, elements={
}

Java Threads: ( => current thread )

Other Threads:

=>0x00000295a114b1c0 (exited) JavaThread "Unknown thread" [_thread_in_vm, id=13800, stack(0x000000e3a4e00000,0x000000e3a4f00000)]

Threads with active compile tasks:

VM state: not at safepoint (not fully initialized)

VM Mutex/Monitor currently owned by a thread: None

Heap address: 0x0000000000000000, size: 0 MB, Compressed Oops mode: 32-bit

CDS archive(s) mapped at: [0x0000000000000000-0x0000000000000000-0x0000000000000000), size 0, SharedBaseAddress: 0x0000000800000000, ArchiveRelocationMode: 1.
Narrow klass base: 0x0000000000000000, Narrow klass shift: 0, Narrow klass range: 0x0

GC Precious Log:
<Empty>

GC Heap History (0 events):
No events

Deoptimization events (0 events):
No events

Classes unloaded (0 events):
No events

Classes redefined (0 events):
No events

Internal exceptions (0 events):
No events

VM Operations (0 events):
No events

Events (1 events):
Event: 0.010 Loaded shared library C:\Program Files\Java\jdk-17\bin\java.dll


Dynamic libraries:
0x00007ff736ae0000 - 0x00007ff736af0000 	C:\Program Files\Java\jdk-17\bin\java.exe
0x00007ff86d770000 - 0x00007ff86d987000 	C:\windows\SYSTEM32\ntdll.dll
0x00007ff82e7a0000 - 0x00007ff82e7bb000 	C:\Program Files\Avast Software\Avast\aswhook.dll
0x00007ff86c160000 - 0x00007ff86c224000 	C:\windows\System32\KERNEL32.DLL
0x00007ff86afa0000 - 0x00007ff86b373000 	C:\windows\System32\KERNELBASE.dll
0x00007ff86ae50000 - 0x00007ff86af61000 	C:\windows\System32\ucrtbase.dll
0x00007ff8488c0000 - 0x00007ff8488d9000 	C:\Program Files\Java\jdk-17\bin\jli.dll
0x00007ff8486b0000 - 0x00007ff8486cb000 	C:\Program Files\Java\jdk-17\bin\VCRUNTIME140.dll
0x00007ff86ba90000 - 0x00007ff86bb41000 	C:\windows\System32\ADVAPI32.dll
0x00007ff86b9e0000 - 0x00007ff86ba87000 	C:\windows\System32\msvcrt.dll
0x00007ff86bb50000 - 0x00007ff86bbf7000 	C:\windows\System32\sechost.dll
0x00007ff86af70000 - 0x00007ff86af98000 	C:\windows\System32\bcrypt.dll
0x00007ff86c760000 - 0x00007ff86c874000 	C:\windows\System32\RPCRT4.dll
0x00007ff86c420000 - 0x00007ff86c5d1000 	C:\windows\System32\USER32.dll
0x00007ff86a860000 - 0x00007ff86a886000 	C:\windows\System32\win32u.dll
0x00007ff851950000 - 0x00007ff851beb000 	C:\windows\WinSxS\amd64_microsoft.windows.common-controls_6595b64144ccf1df_6.0.22621.5262_none_2712bde373830908\COMCTL32.dll
0x00007ff86b900000 - 0x00007ff86b929000 	C:\windows\System32\GDI32.dll
0x00007ff86aa70000 - 0x00007ff86ab92000 	C:\windows\System32\gdi32full.dll
0x00007ff86a9d0000 - 0x00007ff86aa6a000 	C:\windows\System32\msvcp_win.dll
0x00007ff860980000 - 0x00007ff86098a000 	C:\windows\SYSTEM32\VERSION.dll
0x00007ff86bca0000 - 0x00007ff86bcd1000 	C:\windows\System32\IMM32.DLL
0x00007ff865150000 - 0x00007ff86515c000 	C:\Program Files\Java\jdk-17\bin\vcruntime140_1.dll
0x00007ff81c6c0000 - 0x00007ff81c74e000 	C:\Program Files\Java\jdk-17\bin\msvcp140.dll
0x00007ffff9910000 - 0x00007ffffa4f0000 	C:\Program Files\Java\jdk-17\bin\server\jvm.dll
0x00007ff86bc90000 - 0x00007ff86bc98000 	C:\windows\System32\PSAPI.DLL
0x00007ff866320000 - 0x00007ff866354000 	C:\windows\SYSTEM32\WINMM.dll
0x00007ff8535e0000 - 0x00007ff8535e9000 	C:\windows\SYSTEM32\WSOCK32.dll
0x00007ff86b660000 - 0x00007ff86b6d1000 	C:\windows\System32\ws2_32.DLL
0x00007ff8698a0000 - 0x00007ff8698b8000 	C:\windows\SYSTEM32\kernel.appcore.dll
0x00007ff855600000 - 0x00007ff85560a000 	C:\Program Files\Java\jdk-17\bin\jimage.dll
0x00007ff861f80000 - 0x00007ff8621b2000 	C:\windows\SYSTEM32\DBGHELP.DLL
0x00007ff86bdc0000 - 0x00007ff86c153000 	C:\windows\System32\combase.dll
0x00007ff86bce0000 - 0x00007ff86bdb7000 	C:\windows\System32\OLEAUT32.dll
0x00007ff85e1c0000 - 0x00007ff85e1f2000 	C:\windows\SYSTEM32\dbgcore.DLL
0x00007ff86b380000 - 0x00007ff86b3fb000 	C:\windows\System32\bcryptPrimitives.dll
0x00007ff828e80000 - 0x00007ff828ea5000 	C:\Program Files\Java\jdk-17\bin\java.dll

dbghelp: loaded successfully - version: 4.0.5 - missing functions: none
symbol engine: initialized successfully - sym options: 0x614 - pdb path: .;C:\Program Files\Java\jdk-17\bin;C:\windows\SYSTEM32;C:\Program Files\Avast Software\Avast;C:\windows\WinSxS\amd64_microsoft.windows.common-controls_6595b64144ccf1df_6.0.22621.5262_none_2712bde373830908;C:\Program Files\Java\jdk-17\bin\server

VM Arguments:
jvm_args: -Xmx64m -Xms64m -Dorg.gradle.appname=gradlew 
java_command: E:\Tec\1forusa\android\\gradle\wrapper\gradle-wrapper.jar app:installDebug -PreactNativeDevServerPort=8081
java_class_path (initial): E:\Tec\1forusa\android\\gradle\wrapper\gradle-wrapper.jar
Launcher Type: SUN_STANDARD

[Global flags]
     intx CICompilerCount                          = 4                                         {product} {ergonomic}
     uint ConcGCThreads                            = 3                                         {product} {ergonomic}
     uint G1ConcRefinementThreads                  = 10                                        {product} {ergonomic}
   size_t G1HeapRegionSize                         = 1048576                                   {product} {ergonomic}
    uintx GCDrainStackTargetSize                   = 64                                        {product} {ergonomic}
   size_t InitialHeapSize                          = 67108864                                  {product} {command line}
   size_t MarkStackSize                            = 4194304                                   {product} {ergonomic}
   size_t MaxHeapSize                              = 67108864                                  {product} {command line}
   size_t MinHeapDeltaBytes                        = 1048576                                   {product} {ergonomic}
   size_t MinHeapSize                              = 67108864                                  {product} {command line}
    uintx NonNMethodCodeHeapSize                   = 5839372                                {pd product} {ergonomic}
    uintx NonProfiledCodeHeapSize                  = 122909434                              {pd product} {ergonomic}
    uintx ProfiledCodeHeapSize                     = 122909434                              {pd product} {ergonomic}
    uintx ReservedCodeCacheSize                    = 251658240                              {pd product} {ergonomic}
     bool SegmentedCodeCache                       = true                                      {product} {ergonomic}
   size_t SoftMaxHeapSize                          = 67108864                               {manageable} {ergonomic}
     bool UseCompressedClassPointers               = true                           {product lp64_product} {ergonomic}
     bool UseCompressedOops                        = true                           {product lp64_product} {ergonomic}
     bool UseG1GC                                  = true                                      {product} {ergonomic}
     bool UseLargePagesIndividualAllocation        = false                                  {pd product} {ergonomic}

Logging:
Log output configuration:
 #0: stdout all=warning uptime,level,tags
 #1: stderr all=off uptime,level,tags

Environment Variables:
JAVA_HOME=C:\Program Files\Java\jdk-17
PATH=E:\Tec\1forusa\node_modules\.bin;E:\Tec\1forusa\node_modules\.bin;E:\Tec\node_modules\.bin;E:\node_modules\.bin;C:\Users\HP\AppData\Roaming\npm\node_modules\npm\node_modules\@npmcli\run-script\lib\node-gyp-bin;C:\Python312\Scripts\;C:\Python312\;C:\Program Files\Common Files\Oracle\Java\javapath;C:\windows\system32;C:\windows;C:\windows\System32\Wbem;C:\windows\System32\WindowsPowerShell\v1.0\;C:\windows\System32\OpenSSH\;C:\Program Files\Git\cmd;C:\Program Files\nodejs\;C:\ProgramData\chocolatey\bin;C:\Program Files\Java\jdk-17\bin;C:\Users\HP\AppData\Local\Android\Sdk;C:\Users\HP\AppData\Local\Android\Sdk\platform-tools;C:\Users\HP\AppData\Local\Android\Sdk\emulator;C:\adb;C:\Users\HP\AppData\Local\Microsoft\WindowsApps;C:\Users\HP\AppData\Local\Programs\Microsoft VS Code\bin;C:\Users\HP\AppData\Roaming\npm;C:\Users\HP\AppData\Local\Android\Sdk;C:\Users\HP\AppData\Local\Android\Sdk\platform-tools;C:\Users\HP\AppData\Local\Android\Sdk\emulator;C:\Users\HP\AppData\Local\Android\Sdk\platforms;
USERNAME=HP
LANG=en_US.UTF-8
OS=Windows_NT
PROCESSOR_IDENTIFIER=AMD64 Family 23 Model 104 Stepping 1, AuthenticAMD



---------------  S Y S T E M  ---------------

OS:
 Windows 11 , 64 bit Build 22621 (10.0.22621.5262)
OS uptime: 3 days 21:06 hours
Hyper-V role detected

CPU: total 12 (initial active 12) (12 cores per cpu, 2 threads per core) family 23 model 104 stepping 1 microcode 0x0, cx8, cmov, fxsr, ht, mmx, 3dnowpref, sse, sse2, sse3, ssse3, sse4a, sse4.1, sse4.2, popcnt, lzcnt, tsc, tscinvbit, avx, avx2, aes, clmul, bmi1, bmi2, adx, sha, fma, vzeroupper, clflush, clflushopt, hv

Memory: 4k page, system-wide physical 7501M (1694M free)
TotalPageFile size 28326M (AvailPageFile size 4M)
current process WorkingSet (physical memory assigned to process): 10M, peak: 10M
current process commit charge ("private bytes"): 16M, peak: 17M

vm_info: Java HotSpot(TM) 64-Bit Server VM (17.0.12+8-LTS-286) for windows-amd64 JRE (17.0.12+8-LTS-286), built on Jun  5 2024 06:46:59 by "mach5one" with MS VC++ 17.6 (VS2022)

END.
